Using pre-set license
Built from '2020.3/release' branch; Version is '2020.3.2f1 (8fd9074bf66c) revision 9427207'; Using compiler version '192528614'; Build Type 'Release'
OS: 'Windows 10 Education; OS build 19042.1110; Version 2009; 64bit' Language: 'fi' Physical Memory: 8124 MB
BatchMode: 1, IsHumanControllingUs: 0, StartBugReporterOnCrash: 0, Is64bit: 1, IsPro: 0

 COMMAND LINE ARGUMENTS:
D:\Unityasennettu\2020.3.2f1\Editor\Unity.exe
-adb2
-batchMode
-noUpm
-name
AssetImportWorker0
-projectPath
E:/GitHub/FoxTrailGithub/Fox Trail
-logFile
Logs/AssetImportWorker0.log
-srvPort
63766
Successfully changed project path to: E:/GitHub/FoxTrailGithub/Fox Trail
E:/GitHub/FoxTrailGithub/Fox Trail
Using Asset Import Pipeline V2.
Refreshing native plugins compatible for Editor in 76.13 ms, found 0 plugins.
Preloading 0 native plugins for Editor in 0.00 ms.
Initialize engine version: 2020.3.2f1 (8fd9074bf66c)
[Subsystems] Discovering subsystems at path D:/Unityasennettu/2020.3.2f1/Editor/Data/Resources/UnitySubsystems
[Subsystems] Discovering subsystems at path E:/GitHub/FoxTrailGithub/Fox Trail/Assets
GfxDevice: creating device client; threaded=0
Direct3D:
    Version:  Direct3D 11.0 [level 11.1]
    Renderer: NVIDIA GeForce GTX 1050 Ti (ID=0x1c82)
    Vendor:   
    VRAM:     4018 MB
    Driver:   27.21.14.5671
Shader 'Universal Render Pipeline/Particles/Lit': fallback shader 'Universal Render Pipeline/Particles/SimpleLit' not found
Initialize mono
Mono path[0] = 'D:/Unityasennettu/2020.3.2f1/Editor/Data/Managed'
Mono path[1] = 'D:/Unityasennettu/2020.3.2f1/Editor/Data/MonoBleedingEdge/lib/mono/unityjit'
Mono config path = 'D:/Unityasennettu/2020.3.2f1/Editor/Data/MonoBleedingEdge/etc'
Using monoOptions --debugger-agent=transport=dt_socket,embedding=1,server=y,suspend=n,address=127.0.0.1:56348
Begin MonoManager ReloadAssembly
Registering precompiled unity dll's ...
Register platform support module: D:/Unityasennettu/2020.3.2f1/Editor/Data/PlaybackEngines/WebGLSupport/UnityEditor.WebGL.Extensions.dll
Register platform support module: D:/Unityasennettu/2020.3.2f1/Editor/Data/PlaybackEngines/WindowsStandaloneSupport/UnityEditor.WindowsStandalone.Extensions.dll
Registered in 0.001612 seconds.
Native extension for WindowsStandalone target not found
Native extension for WebGL target not found
Refreshing native plugins compatible for Editor in 73.80 ms, found 0 plugins.
Preloading 0 native plugins for Editor in 0.00 ms.
Invoked RoslynAnalysisRunner static constructor.
RoslynAnalysisRunner will not be running.
RoslynAnalysisRunner has terminated.
Mono: successfully reloaded assembly
- Completed reload, in  1.277 seconds
Platform modules already initialized, skipping
Registering precompiled user dll's ...
Registered in 0.001248 seconds.
Begin MonoManager ReloadAssembly
Native extension for WindowsStandalone target not found
Native extension for WebGL target not found
Refreshing native plugins compatible for Editor in 75.41 ms, found 0 plugins.
Preloading 0 native plugins for Editor in 0.00 ms.
Invoked RoslynAnalysisRunner static constructor.
RoslynAnalysisRunner will not be running.
RoslynAnalysisRunner has terminated.
Mono: successfully reloaded assembly
- Completed reload, in  1.463 seconds
Platform modules already initialized, skipping
========================================================================
Worker process is ready to serve import requests
Shader 'Universal Render Pipeline/Particles/Lit': fallback shader 'Universal Render Pipeline/Particles/SimpleLit' not found
Launched and connected shader compiler UnityShaderCompiler.exe after 0.05 seconds
Refreshing native plugins compatible for Editor in 0.60 ms, found 0 plugins.
Preloading 0 native plugins for Editor in 0.00 ms.
Unloading 2912 Unused Serialized files (Serialized files now loaded: 0)
System memory in use before: 144.3 MB.
System memory in use after: 144.5 MB.

Unloading 91 unused Assets to reduce memory usage. Loaded Objects now: 3356.
Total: 3.547100 ms (FindLiveObjects: 0.388800 ms CreateObjectMapping: 0.278200 ms MarkObjects: 2.634100 ms  DeleteObjects: 0.244500 ms)

========================================================================
Received Import Request.
  path: Assets/ProBuilder Data/Default Material Palette.asset
  artifactKey: Guid(a632800ee95e6e542a7e0dea1e918a74) Importer(815301076,1909f56bfc062723c751e8b465ee728b)
Start importing Assets/ProBuilder Data/Default Material Palette.asset using Guid(a632800ee95e6e542a7e0dea1e918a74) Importer(815301076,1909f56bfc062723c751e8b465ee728b)  -> (artifact id: '10fcc78f733715e9cb2af0df4ef79752') in 0.065671 seconds
  Import took 0.072413 seconds .

========================================================================
Received Import Request.
  Time since last request: 0.000319 seconds.
  path: Assets/PostProcessing/FoxTrailPostProcessingProfile.asset
  artifactKey: Guid(eaefbc81e5306f54d8c1681ae0fd4f22) Importer(815301076,1909f56bfc062723c751e8b465ee728b)
Start importing Assets/PostProcessing/FoxTrailPostProcessingProfile.asset using Guid(eaefbc81e5306f54d8c1681ae0fd4f22) Importer(815301076,1909f56bfc062723c751e8b465ee728b)  -> (artifact id: '9082a422bcbb17a145be33513851f79c') in 0.021283 seconds
  Import took 0.027523 seconds .

========================================================================
Received Import Request.
  Time since last request: 0.000282 seconds.
  path: Assets/ProBuilder Data
  artifactKey: Guid(7cb00bcc1c93b8d4db66c2a42fe6bf77) Importer(815301076,1909f56bfc062723c751e8b465ee728b)
Start importing Assets/ProBuilder Data using Guid(7cb00bcc1c93b8d4db66c2a42fe6bf77) Importer(815301076,1909f56bfc062723c751e8b465ee728b)  -> (artifact id: 'a6b2eb604048f805b48698aabc1211f7') in 0.001504 seconds
  Import took 0.008313 seconds .

========================================================================
Received Import Request.
  Time since last request: 88.221705 seconds.
  path: Assets/New Lighting Settings.lighting
  artifactKey: Guid(963f895f710741b41afcb087d8beb5fa) Importer(815301076,1909f56bfc062723c751e8b465ee728b)
Start importing Assets/New Lighting Settings.lighting using Guid(963f895f710741b41afcb087d8beb5fa) Importer(815301076,1909f56bfc062723c751e8b465ee728b)  -> (artifact id: 'a72f122956c9b7811f902b773393d0e7') in 0.004305 seconds
  Import took 0.010608 seconds .

========================================================================
Received Import Request.
  Time since last request: 0.026403 seconds.
  path: Assets/New Lighting Settings.lighting
  artifactKey: Guid(963f895f710741b41afcb087d8beb5fa) Importer(815301076,1909f56bfc062723c751e8b465ee728b)
Start importing Assets/New Lighting Settings.lighting using Guid(963f895f710741b41afcb087d8beb5fa) Importer(815301076,1909f56bfc062723c751e8b465ee728b)  -> (artifact id: 'a72f122956c9b7811f902b773393d0e7') in 0.002336 seconds
  Import took 0.008712 seconds .

========================================================================
Received Import Request.
  Time since last request: 1127.226549 seconds.
  path: Assets/Prefabs/CollectPurple.prefab
  artifactKey: Guid(b8fd27dfbf4cdd34689d3af633b47587) Importer(815301076,1909f56bfc062723c751e8b465ee728b)
Start importing Assets/Prefabs/CollectPurple.prefab using Guid(b8fd27dfbf4cdd34689d3af633b47587) Importer(815301076,1909f56bfc062723c751e8b465ee728b)  -> (artifact id: '6c4f65fa76c30022f8342fe13da7a0dc') in 0.280458 seconds
  Import took 0.287805 seconds .

========================================================================
Received Import Request.
  Time since last request: 0.000275 seconds.
  path: Assets/Prefabs/TreeHollowCollectable.prefab
  artifactKey: Guid(2f520c6741ee7a246bf7076827e4f1cf) Importer(815301076,1909f56bfc062723c751e8b465ee728b)
Start importing Assets/Prefabs/TreeHollowCollectable.prefab using Guid(2f520c6741ee7a246bf7076827e4f1cf) Importer(815301076,1909f56bfc062723c751e8b465ee728b)  -> (artifact id: '3ae65c5d5f80577f207f19ec9d3a11a2') in 0.027236 seconds
  Import took 0.033920 seconds .

========================================================================
Received Import Request.
  Time since last request: 16.575109 seconds.
  path: Assets/Prefabs/CollectBlue.prefab
  artifactKey: Guid(3e3f1363d215b2b4e8ab7ad07fd7db65) Importer(815301076,1909f56bfc062723c751e8b465ee728b)
Start importing Assets/Prefabs/CollectBlue.prefab using Guid(3e3f1363d215b2b4e8ab7ad07fd7db65) Importer(815301076,1909f56bfc062723c751e8b465ee728b)  -> (artifact id: '8038d5e9dcc5112c7b39d05ba10448d9') in 0.009778 seconds
  Import took 0.016587 seconds .

========================================================================
Received Import Request.
  Time since last request: 5.279866 seconds.
  path: Assets/Prefabs/CollectGreen.prefab
  artifactKey: Guid(988f89e167e502a44b34e64ced9f2d68) Importer(815301076,1909f56bfc062723c751e8b465ee728b)
Start importing Assets/Prefabs/CollectGreen.prefab using Guid(988f89e167e502a44b34e64ced9f2d68) Importer(815301076,1909f56bfc062723c751e8b465ee728b)  -> (artifact id: '5dad384e9355bd9a55a5e5b65e3571ec') in 0.008887 seconds
  Import took 0.015511 seconds .

========================================================================
Received Import Request.
  Time since last request: 4.133275 seconds.
  path: Assets/Prefabs/CollectOrange.prefab
  artifactKey: Guid(8fe9b264862f2dd4592c27db598b60b3) Importer(815301076,1909f56bfc062723c751e8b465ee728b)
Start importing Assets/Prefabs/CollectOrange.prefab using Guid(8fe9b264862f2dd4592c27db598b60b3) Importer(815301076,1909f56bfc062723c751e8b465ee728b)  -> (artifact id: 'e38e76be44fcf709a7eb0000526c14b9') in 0.009983 seconds
  Import took 0.017374 seconds .

========================================================================
Received Import Request.
  Time since last request: 5.263336 seconds.
  path: Assets/Prefabs/CollectYellow.prefab
  artifactKey: Guid(826d22f8c6598f342986a02494a6bddf) Importer(815301076,1909f56bfc062723c751e8b465ee728b)
Start importing Assets/Prefabs/CollectYellow.prefab using Guid(826d22f8c6598f342986a02494a6bddf) Importer(815301076,1909f56bfc062723c751e8b465ee728b)  -> (artifact id: '09d87ff92c40f9f225cec8e112ab14c8') in 0.010140 seconds
  Import took 0.017557 seconds .

========================================================================
Received Prepare
Registering precompiled user dll's ...
Registered in 0.001430 seconds.
Begin MonoManager ReloadAssembly
Native extension for WindowsStandalone target not found
Native extension for WebGL target not found
Refreshing native plugins compatible for Editor in 0.68 ms, found 0 plugins.
Preloading 0 native plugins for Editor in 0.00 ms.
Invoked RoslynAnalysisRunner static constructor.
RoslynAnalysisRunner will not be running.
RoslynAnalysisRunner has terminated.
Mono: successfully reloaded assembly
- Completed reload, in  1.441 seconds
Platform modules already initialized, skipping
Shader 'Universal Render Pipeline/Particles/Lit': fallback shader 'Universal Render Pipeline/Particles/SimpleLit' not found
Refreshing native plugins compatible for Editor in 0.60 ms, found 0 plugins.
Preloading 0 native plugins for Editor in 0.00 ms.
Unloading 2746 Unused Serialized files (Serialized files now loaded: 0)
System memory in use before: 137.1 MB.
System memory in use after: 137.3 MB.

Unloading 86 unused Assets to reduce memory usage. Loaded Objects now: 3405.
Total: 3.751300 ms (FindLiveObjects: 0.419700 ms CreateObjectMapping: 0.256600 ms MarkObjects: 2.917100 ms  DeleteObjects: 0.156300 ms)

AssetImportWorkerClient::OnTransportError - code=2 error=End of file
