Using pre-set license
Built from '2020.3/release' branch; Version is '2020.3.2f1 (8fd9074bf66c) revision 9427207'; Using compiler version '192528614'; Build Type 'Release'
OS: 'Windows 10 Education; OS build 19042.1052; Version 2009; 64bit' Language: 'fi' Physical Memory: 8124 MB
BatchMode: 1, IsHumanControllingUs: 0, StartBugReporterOnCrash: 0, Is64bit: 1, IsPro: 0

 COMMAND LINE ARGUMENTS:
D:\Unityasennettu\2020.3.2f1\Editor\Unity.exe
-adb2
-batchMode
-noUpm
-name
AssetImportWorker0
-projectPath
E:/GitHub/FoxTrailGithub/Fox Trail
-logFile
Logs/AssetImportWorker0.log
-srvPort
49794
Successfully changed project path to: E:/GitHub/FoxTrailGithub/Fox Trail
E:/GitHub/FoxTrailGithub/Fox Trail
Using Asset Import Pipeline V2.
Refreshing native plugins compatible for Editor in 69.99 ms, found 0 plugins.
Preloading 0 native plugins for Editor in 0.00 ms.
Initialize engine version: 2020.3.2f1 (8fd9074bf66c)
[Subsystems] Discovering subsystems at path D:/Unityasennettu/2020.3.2f1/Editor/Data/Resources/UnitySubsystems
[Subsystems] Discovering subsystems at path E:/GitHub/FoxTrailGithub/Fox Trail/Assets
GfxDevice: creating device client; threaded=0
Direct3D:
    Version:  Direct3D 11.0 [level 11.1]
    Renderer: NVIDIA GeForce GTX 1050 Ti (ID=0x1c82)
    Vendor:   
    VRAM:     4018 MB
    Driver:   27.21.14.5671
Shader 'Universal Render Pipeline/Particles/Lit': fallback shader 'Universal Render Pipeline/Particles/SimpleLit' not found
Initialize mono
Mono path[0] = 'D:/Unityasennettu/2020.3.2f1/Editor/Data/Managed'
Mono path[1] = 'D:/Unityasennettu/2020.3.2f1/Editor/Data/MonoBleedingEdge/lib/mono/unityjit'
Mono config path = 'D:/Unityasennettu/2020.3.2f1/Editor/Data/MonoBleedingEdge/etc'
Using monoOptions --debugger-agent=transport=dt_socket,embedding=1,server=y,suspend=n,address=127.0.0.1:56616
Begin MonoManager ReloadAssembly
Registering precompiled unity dll's ...
Register platform support module: D:/Unityasennettu/2020.3.2f1/Editor/Data/PlaybackEngines/WebGLSupport/UnityEditor.WebGL.Extensions.dll
Register platform support module: D:/Unityasennettu/2020.3.2f1/Editor/Data/PlaybackEngines/WindowsStandaloneSupport/UnityEditor.WindowsStandalone.Extensions.dll
Registered in 0.002671 seconds.
Native extension for WindowsStandalone target not found
Native extension for WebGL target not found
Refreshing native plugins compatible for Editor in 72.27 ms, found 0 plugins.
Preloading 0 native plugins for Editor in 0.00 ms.
Invoked RoslynAnalysisRunner static constructor.
RoslynAnalysisRunner will not be running.
RoslynAnalysisRunner has terminated.
Mono: successfully reloaded assembly
- Completed reload, in  2.032 seconds
Platform modules already initialized, skipping
Registering precompiled user dll's ...
Registered in 0.001772 seconds.
Begin MonoManager ReloadAssembly
Native extension for WindowsStandalone target not found
Native extension for WebGL target not found
Refreshing native plugins compatible for Editor in 74.74 ms, found 0 plugins.
Preloading 0 native plugins for Editor in 0.00 ms.
Invoked RoslynAnalysisRunner static constructor.
RoslynAnalysisRunner will not be running.
RoslynAnalysisRunner has terminated.
Mono: successfully reloaded assembly
- Completed reload, in  1.414 seconds
Platform modules already initialized, skipping
========================================================================
Worker process is ready to serve import requests
Shader 'Universal Render Pipeline/Particles/Lit': fallback shader 'Universal Render Pipeline/Particles/SimpleLit' not found
Launched and connected shader compiler UnityShaderCompiler.exe after 0.06 seconds
Refreshing native plugins compatible for Editor in 0.66 ms, found 0 plugins.
Preloading 0 native plugins for Editor in 0.00 ms.
Unloading 2911 Unused Serialized files (Serialized files now loaded: 0)
System memory in use before: 143.7 MB.
System memory in use after: 143.8 MB.

Unloading 91 unused Assets to reduce memory usage. Loaded Objects now: 3354.
Total: 3.151500 ms (FindLiveObjects: 0.323500 ms CreateObjectMapping: 0.130900 ms MarkObjects: 2.459300 ms  DeleteObjects: 0.236400 ms)

========================================================================
Received Import Request.
  path: Assets/Prefabs/CloverTrio.prefab
  artifactKey: Guid(650387bbf2570534fba7f9319f8b2760) Importer(815301076,1909f56bfc062723c751e8b465ee728b)
Start importing Assets/Prefabs/CloverTrio.prefab using Guid(650387bbf2570534fba7f9319f8b2760) Importer(815301076,1909f56bfc062723c751e8b465ee728b)  -> (artifact id: '736a533d4c3559c6806ffb2e68f2c44b') in 0.327290 seconds
  Import took 0.333833 seconds .

========================================================================
Received Import Request.
  Time since last request: 14.683891 seconds.
  path: Assets/Prefabs/CloverTrio.prefab
  artifactKey: Guid(650387bbf2570534fba7f9319f8b2760) Importer(815301076,1909f56bfc062723c751e8b465ee728b)
Start importing Assets/Prefabs/CloverTrio.prefab using Guid(650387bbf2570534fba7f9319f8b2760) Importer(815301076,1909f56bfc062723c751e8b465ee728b)  -> (artifact id: 'f9c8b997ea3db2a2a2cfd17a2e057ba0') in 0.022563 seconds
  Import took 0.029144 seconds .

========================================================================
Received Import Request.
  Time since last request: 11.938329 seconds.
  path: Assets/Prefabs/CloverTrio.prefab
  artifactKey: Guid(650387bbf2570534fba7f9319f8b2760) Importer(815301076,1909f56bfc062723c751e8b465ee728b)
Start importing Assets/Prefabs/CloverTrio.prefab using Guid(650387bbf2570534fba7f9319f8b2760) Importer(815301076,1909f56bfc062723c751e8b465ee728b)  -> (artifact id: '5a489eceb5ab46814f201789865a1c00') in 0.018484 seconds
  Import took 0.025399 seconds .

========================================================================
Received Import Request.
  Time since last request: 0.770346 seconds.
  path: Assets/Prefabs/CloverTrio.prefab
  artifactKey: Guid(650387bbf2570534fba7f9319f8b2760) Importer(815301076,1909f56bfc062723c751e8b465ee728b)
Start importing Assets/Prefabs/CloverTrio.prefab using Guid(650387bbf2570534fba7f9319f8b2760) Importer(815301076,1909f56bfc062723c751e8b465ee728b)  -> (artifact id: '9ccc46691120077dffebad92f023d2ad') in 0.018916 seconds
  Import took 0.026600 seconds .

========================================================================
Received Import Request.
  Time since last request: 1.776236 seconds.
  path: Assets/Prefabs/CloverTrio.prefab
  artifactKey: Guid(650387bbf2570534fba7f9319f8b2760) Importer(815301076,1909f56bfc062723c751e8b465ee728b)
Start importing Assets/Prefabs/CloverTrio.prefab using Guid(650387bbf2570534fba7f9319f8b2760) Importer(815301076,1909f56bfc062723c751e8b465ee728b)  -> (artifact id: '7abcb92e6c63b037d387654180fe85a5') in 0.018603 seconds
  Import took 0.024894 seconds .

========================================================================
Received Import Request.
  Time since last request: 99.515512 seconds.
  path: Assets/Prefabs/FlowerDuo.prefab
  artifactKey: Guid(018c2ac1f87631f46a4ce6b540e6e229) Importer(815301076,1909f56bfc062723c751e8b465ee728b)
Start importing Assets/Prefabs/FlowerDuo.prefab using Guid(018c2ac1f87631f46a4ce6b540e6e229) Importer(815301076,1909f56bfc062723c751e8b465ee728b)  -> (artifact id: '8940b232900afd359df22d2646309544') in 0.022835 seconds
  Import took 0.029673 seconds .

========================================================================
Received Import Request.
  Time since last request: 0.002950 seconds.
  path: Assets/Prefabs/FlowerDuo.prefab
  artifactKey: Guid(018c2ac1f87631f46a4ce6b540e6e229) Importer(815301076,1909f56bfc062723c751e8b465ee728b)
Start importing Assets/Prefabs/FlowerDuo.prefab using Guid(018c2ac1f87631f46a4ce6b540e6e229) Importer(815301076,1909f56bfc062723c751e8b465ee728b)  -> (artifact id: '8940b232900afd359df22d2646309544') in 0.017815 seconds
  Import took 0.024791 seconds .

========================================================================
Received Import Request.
  Time since last request: 309.148348 seconds.
  path: Assets/Prefabs/Tree1.prefab
  artifactKey: Guid(f1d926c358f1102478a48fab3cb3526e) Importer(815301076,1909f56bfc062723c751e8b465ee728b)
Start importing Assets/Prefabs/Tree1.prefab using Guid(f1d926c358f1102478a48fab3cb3526e) Importer(815301076,1909f56bfc062723c751e8b465ee728b)  -> (artifact id: '223c9a56d1268c8f9220e90184cc231d') in 0.057794 seconds
  Import took 0.064212 seconds .

AssetImportWorkerClient::OnTransportError - code=2 error=End of file
